Analysis & Elaboration report for synthi_top
Sat May 09 15:58:08 2020
Quartus Prime Version 18.1.0 Build 625 09/12/2018 SJ Lite Edition


---------------------
; Table of Contents ;
---------------------
  1. Legal Notice
  2. Analysis & Elaboration Summary
  3. Parallel Compilation
  4. Analysis & Elaboration Settings
  5. Analysis & Elaboration Messages



----------------
; Legal Notice ;
----------------
Copyright (C) 2018  Intel Corporation. All rights reserved.
Your use of Intel Corporation's design tools, logic functions 
and other software and tools, and its AMPP partner logic 
functions, and any output files from any of the foregoing 
(including device programming or simulation files), and any 
associated documentation or information are expressly subject 
to the terms and conditions of the Intel Program License 
Subscription Agreement, the Intel Quartus Prime License Agreement,
the Intel FPGA IP License Agreement, or other applicable license
agreement, including, without limitation, that your use is for
the sole purpose of programming logic devices manufactured by
Intel and sold by Intel or its authorized distributors.  Please
refer to the applicable agreement for further details.



+----------------------------------------------------------------------------------+
; Analysis & Elaboration Summary                                                   ;
+------------------------------------+---------------------------------------------+
; Analysis & Elaboration Status      ; Successful - Sat May 09 15:58:08 2020       ;
; Quartus Prime Version              ; 18.1.0 Build 625 09/12/2018 SJ Lite Edition ;
; Revision Name                      ; synthi_top                                  ;
; Top-level Entity Name              ; midi_controller                             ;
; Family                             ; MAX 10                                      ;
; Total logic elements               ; N/A until Partition Merge                   ;
;     Total combinational functions  ; N/A until Partition Merge                   ;
;     Dedicated logic registers      ; N/A until Partition Merge                   ;
; Total registers                    ; N/A until Partition Merge                   ;
; Total pins                         ; N/A until Partition Merge                   ;
; Total virtual pins                 ; N/A until Partition Merge                   ;
; Total memory bits                  ; N/A until Partition Merge                   ;
; Embedded Multiplier 9-bit elements ; N/A until Partition Merge                   ;
; Total PLLs                         ; N/A until Partition Merge                   ;
; UFM blocks                         ; N/A until Partition Merge                   ;
; ADC blocks                         ; N/A until Partition Merge                   ;
+------------------------------------+---------------------------------------------+


+------------------------------------------+
; Parallel Compilation                     ;
+----------------------------+-------------+
; Processors                 ; Number      ;
+----------------------------+-------------+
; Number detected on machine ; 8           ;
; Maximum allowed            ; 4           ;
;                            ;             ;
; Average used               ; 1.00        ;
; Maximum used               ; 1           ;
;                            ;             ;
; Usage by Processor         ; % Time Used ;
;     Processor 1            ; 100.0%      ;
+----------------------------+-------------+


+------------------------------------------------------------------------------------------------------------+
; Analysis & Elaboration Settings                                                                            ;
+------------------------------------------------------------------+--------------------+--------------------+
; Option                                                           ; Setting            ; Default Value      ;
+------------------------------------------------------------------+--------------------+--------------------+
; Device                                                           ; 10M50DAF484C7G     ;                    ;
; Top-level entity name                                            ; midi_controller    ; synthi_top         ;
; Family name                                                      ; MAX 10             ; Cyclone V          ;
; VHDL Show LMF Mapping Messages                                   ; Off                ;                    ;
; VHDL Version                                                     ; VHDL_2008          ; VHDL_1993          ;
; Use smart compilation                                            ; Off                ; Off                ;
; Enable parallel Assembler and Timing Analyzer during compilation ; On                 ; On                 ;
; Enable compact report table                                      ; Off                ; Off                ;
; Restructure Multiplexers                                         ; Auto               ; Auto               ;
; Create Debugging Nodes for IP Cores                              ; Off                ; Off                ;
; Preserve fewer node names                                        ; On                 ; On                 ;
; Intel FPGA IP Evaluation Mode                                    ; Enable             ; Enable             ;
; Verilog Version                                                  ; Verilog_2001       ; Verilog_2001       ;
; State Machine Processing                                         ; Auto               ; Auto               ;
; Safe State Machine                                               ; Off                ; Off                ;
; Extract Verilog State Machines                                   ; On                 ; On                 ;
; Extract VHDL State Machines                                      ; On                 ; On                 ;
; Ignore Verilog initial constructs                                ; Off                ; Off                ;
; Iteration limit for constant Verilog loops                       ; 5000               ; 5000               ;
; Iteration limit for non-constant Verilog loops                   ; 250                ; 250                ;
; Add Pass-Through Logic to Inferred RAMs                          ; On                 ; On                 ;
; Infer RAMs from Raw Logic                                        ; On                 ; On                 ;
; Parallel Synthesis                                               ; On                 ; On                 ;
; DSP Block Balancing                                              ; Auto               ; Auto               ;
; NOT Gate Push-Back                                               ; On                 ; On                 ;
; Power-Up Don't Care                                              ; On                 ; On                 ;
; Remove Redundant Logic Cells                                     ; Off                ; Off                ;
; Remove Duplicate Registers                                       ; On                 ; On                 ;
; Ignore CARRY Buffers                                             ; Off                ; Off                ;
; Ignore CASCADE Buffers                                           ; Off                ; Off                ;
; Ignore GLOBAL Buffers                                            ; Off                ; Off                ;
; Ignore ROW GLOBAL Buffers                                        ; Off                ; Off                ;
; Ignore LCELL Buffers                                             ; Off                ; Off                ;
; Ignore SOFT Buffers                                              ; On                 ; On                 ;
; Limit AHDL Integers to 32 Bits                                   ; Off                ; Off                ;
; Optimization Technique                                           ; Balanced           ; Balanced           ;
; Carry Chain Length                                               ; 70                 ; 70                 ;
; Auto Carry Chains                                                ; On                 ; On                 ;
; Auto Open-Drain Pins                                             ; On                 ; On                 ;
; Perform WYSIWYG Primitive Resynthesis                            ; Off                ; Off                ;
; Auto ROM Replacement                                             ; On                 ; On                 ;
; Auto RAM Replacement                                             ; On                 ; On                 ;
; Auto DSP Block Replacement                                       ; On                 ; On                 ;
; Auto Shift Register Replacement                                  ; Auto               ; Auto               ;
; Allow Shift Register Merging across Hierarchies                  ; Auto               ; Auto               ;
; Auto Clock Enable Replacement                                    ; On                 ; On                 ;
; Strict RAM Replacement                                           ; Off                ; Off                ;
; Allow Synchronous Control Signals                                ; On                 ; On                 ;
; Force Use of Synchronous Clear Signals                           ; Off                ; Off                ;
; Auto RAM Block Balancing                                         ; On                 ; On                 ;
; Auto RAM to Logic Cell Conversion                                ; Off                ; Off                ;
; Auto Resource Sharing                                            ; Off                ; Off                ;
; Allow Any RAM Size For Recognition                               ; Off                ; Off                ;
; Allow Any ROM Size For Recognition                               ; Off                ; Off                ;
; Allow Any Shift Register Size For Recognition                    ; Off                ; Off                ;
; Use LogicLock Constraints during Resource Balancing              ; On                 ; On                 ;
; Ignore translate_off and synthesis_off directives                ; Off                ; Off                ;
; Timing-Driven Synthesis                                          ; On                 ; On                 ;
; Report Parameter Settings                                        ; On                 ; On                 ;
; Report Source Assignments                                        ; On                 ; On                 ;
; Report Connectivity Checks                                       ; On                 ; On                 ;
; Ignore Maximum Fan-Out Assignments                               ; Off                ; Off                ;
; Synchronization Register Chain Length                            ; 2                  ; 2                  ;
; Power Optimization During Synthesis                              ; Normal compilation ; Normal compilation ;
; HDL message level                                                ; Level2             ; Level2             ;
; Suppress Register Optimization Related Messages                  ; Off                ; Off                ;
; Number of Removed Registers Reported in Synthesis Report         ; 5000               ; 5000               ;
; Number of Swept Nodes Reported in Synthesis Report               ; 5000               ; 5000               ;
; Number of Inverted Registers Reported in Synthesis Report        ; 100                ; 100                ;
; Clock MUX Protection                                             ; On                 ; On                 ;
; Auto Gated Clock Conversion                                      ; Off                ; Off                ;
; Block Design Naming                                              ; Auto               ; Auto               ;
; SDC constraint protection                                        ; Off                ; Off                ;
; Synthesis Effort                                                 ; Auto               ; Auto               ;
; Shift Register Replacement - Allow Asynchronous Clear Signal     ; On                 ; On                 ;
; Pre-Mapping Resynthesis Optimization                             ; Off                ; Off                ;
; Analysis & Synthesis Message Level                               ; Medium             ; Medium             ;
; Disable Register Merging Across Hierarchies                      ; Auto               ; Auto               ;
; Resource Aware Inference For Block RAM                           ; On                 ; On                 ;
+------------------------------------------------------------------+--------------------+--------------------+


+---------------------------------+
; Analysis & Elaboration Messages ;
+---------------------------------+
Info: *******************************************************************
Info: Running Quartus Prime Analysis & Elaboration
    Info: Version 18.1.0 Build 625 09/12/2018 SJ Lite Edition
    Info: Processing started: Sat May 09 15:57:59 2020
Info: Command: quartus_map --read_settings_files=on --write_settings_files=off synthi_top -c synthi_top --analysis_and_elaboration
Warning (18236): Number of processors has not been specified which may cause overloading on shared machines.  Set the global assignment NUM_PARALLEL_PROCESSORS in your QSF to an appropriate value for best performance.
Info (20030): Parallel compilation is enabled and will use 4 of the 4 processors detected
Info (12021): Found 2 design units, including 1 entities, in source file /users/stefan/documents/digitaltechnik 2/synthi_project/source/midi/midi_controller.vhd
    Info (12022): Found design unit 1: midi_controller-rtl File: C:/Users/Stefan/Documents/Digitaltechnik 2/synthi_project/source/midi/midi_controller.vhd Line: 48
    Info (12023): Found entity 1: midi_controller File: C:/Users/Stefan/Documents/Digitaltechnik 2/synthi_project/source/midi/midi_controller.vhd Line: 32
Info (12021): Found 2 design units, including 1 entities, in source file /users/stefan/documents/digitaltechnik 2/synthi_project/source/tonegenerator/tone_generator.vhd
    Info (12022): Found design unit 1: tone_generator-str File: C:/Users/Stefan/Documents/Digitaltechnik 2/synthi_project/source/toneGenerator/tone_generator.vhd Line: 44
    Info (12023): Found entity 1: tone_generator File: C:/Users/Stefan/Documents/Digitaltechnik 2/synthi_project/source/toneGenerator/tone_generator.vhd Line: 29
Info (12021): Found 1 design units, including 0 entities, in source file /users/stefan/documents/digitaltechnik 2/synthi_project/source/tonegenerator/tone_gen_pkg.vhd
    Info (12022): Found design unit 1: tone_gen_pkg File: C:/Users/Stefan/Documents/Digitaltechnik 2/synthi_project/source/toneGenerator/tone_gen_pkg.vhd Line: 25
Info (12021): Found 2 design units, including 1 entities, in source file /users/stefan/documents/digitaltechnik 2/synthi_project/source/tonegenerator/dds.vhd
    Info (12022): Found design unit 1: dds-str File: C:/Users/Stefan/Documents/Digitaltechnik 2/synthi_project/source/toneGenerator/dds.vhd Line: 45
    Info (12023): Found entity 1: dds File: C:/Users/Stefan/Documents/Digitaltechnik 2/synthi_project/source/toneGenerator/dds.vhd Line: 30
Info (12021): Found 2 design units, including 1 entities, in source file /users/stefan/documents/digitaltechnik 2/synthi_project/source/i2s/universal_shiftreg.vhd
    Info (12022): Found design unit 1: universal_shiftreg-rtl File: C:/Users/Stefan/Documents/Digitaltechnik 2/synthi_project/source/I2s/universal_shiftreg.vhd Line: 41
    Info (12023): Found entity 1: universal_shiftreg File: C:/Users/Stefan/Documents/Digitaltechnik 2/synthi_project/source/I2s/universal_shiftreg.vhd Line: 26
Info (12021): Found 2 design units, including 1 entities, in source file /users/stefan/documents/digitaltechnik 2/synthi_project/source/i2s/i2s_master.vhd
    Info (12022): Found design unit 1: i2s_master-rtl File: C:/Users/Stefan/Documents/Digitaltechnik 2/synthi_project/source/I2s/i2s_master.vhd Line: 44
    Info (12023): Found entity 1: i2s_master File: C:/Users/Stefan/Documents/Digitaltechnik 2/synthi_project/source/I2s/i2s_master.vhd Line: 22
Info (12021): Found 2 design units, including 1 entities, in source file /users/stefan/documents/digitaltechnik 2/synthi_project/source/i2s/i2s_frame_generator.vhd
    Info (12022): Found design unit 1: i2s_frame_generator-rtl File: C:/Users/Stefan/Documents/Digitaltechnik 2/synthi_project/source/I2s/i2s_frame_generator.vhd Line: 33
    Info (12023): Found entity 1: i2s_frame_generator File: C:/Users/Stefan/Documents/Digitaltechnik 2/synthi_project/source/I2s/i2s_frame_generator.vhd Line: 19
Info (12021): Found 2 design units, including 1 entities, in source file /users/stefan/documents/digitaltechnik 2/synthi_project/source/path_control.vhd
    Info (12022): Found design unit 1: path_control-comb File: C:/Users/Stefan/Documents/Digitaltechnik 2/synthi_project/source/path_control.vhd Line: 39
    Info (12023): Found entity 1: path_control File: C:/Users/Stefan/Documents/Digitaltechnik 2/synthi_project/source/path_control.vhd Line: 24
Info (12021): Found 2 design units, including 1 entities, in source file /users/stefan/documents/digitaltechnik 2/synthi_project/source/i2c/i2c_slave_bfm.vhd
    Info (12022): Found design unit 1: i2c_slave_bfm-bfm File: C:/Users/Stefan/Documents/Digitaltechnik 2/synthi_project/source/i2c/i2c_slave_bfm.vhd Line: 32
    Info (12023): Found entity 1: i2c_slave_bfm File: C:/Users/Stefan/Documents/Digitaltechnik 2/synthi_project/source/i2c/i2c_slave_bfm.vhd Line: 7
Info (12021): Found 2 design units, including 1 entities, in source file /users/stefan/documents/digitaltechnik 2/synthi_project/source/i2c/i2c_master.vhd
    Info (12022): Found design unit 1: i2c_master-rtl File: C:/Users/Stefan/Documents/Digitaltechnik 2/synthi_project/source/i2c/i2c_master.vhd Line: 40
    Info (12023): Found entity 1: i2c_master File: C:/Users/Stefan/Documents/Digitaltechnik 2/synthi_project/source/i2c/i2c_master.vhd Line: 22
Info (12021): Found 2 design units, including 1 entities, in source file /users/stefan/documents/digitaltechnik 2/synthi_project/source/infrastructure/signal_checker.vhd
    Info (12022): Found design unit 1: signal_checker-rtl File: C:/Users/Stefan/Documents/Digitaltechnik 2/synthi_project/source/infrastructure/signal_checker.vhd Line: 29
    Info (12023): Found entity 1: signal_checker File: C:/Users/Stefan/Documents/Digitaltechnik 2/synthi_project/source/infrastructure/signal_checker.vhd Line: 19
Info (12021): Found 2 design units, including 1 entities, in source file /users/stefan/documents/digitaltechnik 2/synthi_project/source/infrastructure/modulo_divider.vhd
    Info (12022): Found design unit 1: modulo_divider-rtl File: C:/Users/Stefan/Documents/Digitaltechnik 2/synthi_project/source/infrastructure/modulo_divider.vhd Line: 27
    Info (12023): Found entity 1: modulo_divider File: C:/Users/Stefan/Documents/Digitaltechnik 2/synthi_project/source/infrastructure/modulo_divider.vhd Line: 18
Info (12021): Found 2 design units, including 1 entities, in source file /users/stefan/documents/digitaltechnik 2/synthi_project/source/infrastructure/clock_sync.vhd
    Info (12022): Found design unit 1: clock_sync-rtl File: C:/Users/Stefan/Documents/Digitaltechnik 2/synthi_project/source/infrastructure/clock_sync.vhd Line: 23
    Info (12023): Found entity 1: clock_sync File: C:/Users/Stefan/Documents/Digitaltechnik 2/synthi_project/source/infrastructure/clock_sync.vhd Line: 14
Info (12021): Found 2 design units, including 1 entities, in source file /users/stefan/documents/digitaltechnik 2/synthi_project/source/midi/uart_controller_fsm.vhd
    Info (12022): Found design unit 1: uart_controller_fsm-rtl File: C:/Users/Stefan/Documents/Digitaltechnik 2/synthi_project/source/midi/uart_controller_fsm.vhd Line: 34
    Info (12023): Found entity 1: uart_controller_fsm File: C:/Users/Stefan/Documents/Digitaltechnik 2/synthi_project/source/midi/uart_controller_fsm.vhd Line: 18
Info (12021): Found 2 design units, including 1 entities, in source file /users/stefan/documents/digitaltechnik 2/synthi_project/source/midi/shiftreg_uart.vhd
    Info (12022): Found design unit 1: shiftreg_uart-rtl File: C:/Users/Stefan/Documents/Digitaltechnik 2/synthi_project/source/midi/shiftreg_uart.vhd Line: 37
    Info (12023): Found entity 1: shiftreg_uart File: C:/Users/Stefan/Documents/Digitaltechnik 2/synthi_project/source/midi/shiftreg_uart.vhd Line: 21
Info (12021): Found 2 design units, including 1 entities, in source file /users/stefan/documents/digitaltechnik 2/synthi_project/source/midi/output_register.vhd
    Info (12022): Found design unit 1: output_register-rtl File: C:/Users/Stefan/Documents/Digitaltechnik 2/synthi_project/source/midi/output_register.vhd Line: 38
    Info (12023): Found entity 1: output_register File: C:/Users/Stefan/Documents/Digitaltechnik 2/synthi_project/source/midi/output_register.vhd Line: 25
Info (12021): Found 2 design units, including 1 entities, in source file /users/stefan/documents/digitaltechnik 2/synthi_project/source/midi/flanken_detekt_vhdl.vhd
    Info (12022): Found design unit 1: flanken_detekt_vhdl-rtl File: C:/Users/Stefan/Documents/Digitaltechnik 2/synthi_project/source/midi/flanken_detekt_vhdl.vhd Line: 26
    Info (12023): Found entity 1: flanken_detekt_vhdl File: C:/Users/Stefan/Documents/Digitaltechnik 2/synthi_project/source/midi/flanken_detekt_vhdl.vhd Line: 15
Info (12021): Found 2 design units, including 1 entities, in source file /users/stefan/documents/digitaltechnik 2/synthi_project/source/midi/bus_hex2sevseg.vhd
    Info (12022): Found design unit 1: bus_hex2sevseg-rtl File: C:/Users/Stefan/Documents/Digitaltechnik 2/synthi_project/source/midi/bus_hex2sevseg.vhd Line: 38
    Info (12023): Found entity 1: bus_hex2sevseg File: C:/Users/Stefan/Documents/Digitaltechnik 2/synthi_project/source/midi/bus_hex2sevseg.vhd Line: 27
Info (12021): Found 2 design units, including 1 entities, in source file /users/stefan/documents/digitaltechnik 2/synthi_project/source/midi/bit_counter.vhd
    Info (12022): Found design unit 1: bit_counter-rtl File: C:/Users/Stefan/Documents/Digitaltechnik 2/synthi_project/source/midi/bit_counter.vhd Line: 37
    Info (12023): Found entity 1: bit_counter File: C:/Users/Stefan/Documents/Digitaltechnik 2/synthi_project/source/midi/bit_counter.vhd Line: 25
Info (12021): Found 2 design units, including 1 entities, in source file /users/stefan/documents/digitaltechnik 2/synthi_project/source/midi/baud_tick.vhd
    Info (12022): Found design unit 1: baud_tick-rtl File: C:/Users/Stefan/Documents/Digitaltechnik 2/synthi_project/source/midi/baud_tick.vhd Line: 36
    Info (12023): Found entity 1: baud_tick File: C:/Users/Stefan/Documents/Digitaltechnik 2/synthi_project/source/midi/baud_tick.vhd Line: 25
Info (12021): Found 2 design units, including 1 entities, in source file /users/stefan/documents/digitaltechnik 2/synthi_project/source/uart_top.vhd
    Info (12022): Found design unit 1: uart_top-bdf_type File: C:/Users/Stefan/Documents/Digitaltechnik 2/synthi_project/source/uart_top.vhd Line: 37
    Info (12023): Found entity 1: uart_top File: C:/Users/Stefan/Documents/Digitaltechnik 2/synthi_project/source/uart_top.vhd Line: 24
Info (12021): Found 2 design units, including 1 entities, in source file /users/stefan/documents/digitaltechnik 2/synthi_project/source/synthi_top.vhd
    Info (12022): Found design unit 1: synthi_top-str File: C:/Users/Stefan/Documents/Digitaltechnik 2/synthi_project/source/synthi_top.vhd Line: 59
    Info (12023): Found entity 1: synthi_top File: C:/Users/Stefan/Documents/Digitaltechnik 2/synthi_project/source/synthi_top.vhd Line: 31
Info (12021): Found 1 design units, including 0 entities, in source file /users/stefan/documents/digitaltechnik 2/synthi_project/source/reg_table_pkg.vhd
    Info (12022): Found design unit 1: reg_table_pkg File: C:/Users/Stefan/Documents/Digitaltechnik 2/synthi_project/source/reg_table_pkg.vhd Line: 26
Info (12021): Found 2 design units, including 1 entities, in source file /users/stefan/documents/digitaltechnik 2/synthi_project/source/infrastructure.vhd
    Info (12022): Found design unit 1: infrastructure-str File: C:/Users/Stefan/Documents/Digitaltechnik 2/synthi_project/source/infrastructure.vhd Line: 43
    Info (12023): Found entity 1: infrastructure File: C:/Users/Stefan/Documents/Digitaltechnik 2/synthi_project/source/infrastructure.vhd Line: 29
Info (12021): Found 2 design units, including 1 entities, in source file /users/stefan/documents/digitaltechnik 2/synthi_project/source/count_down.vhd
    Info (12022): Found design unit 1: count_down-rtl File: C:/Users/Stefan/Documents/Digitaltechnik 2/synthi_project/source/count_down.vhd Line: 36
    Info (12023): Found entity 1: count_down File: C:/Users/Stefan/Documents/Digitaltechnik 2/synthi_project/source/count_down.vhd Line: 25
Info (12021): Found 2 design units, including 1 entities, in source file /users/stefan/documents/digitaltechnik 2/synthi_project/source/codec_controller.vhd
    Info (12022): Found design unit 1: codec_controller-rtl File: C:/Users/Stefan/Documents/Digitaltechnik 2/synthi_project/source/codec_controller.vhd Line: 43
    Info (12023): Found entity 1: codec_controller File: C:/Users/Stefan/Documents/Digitaltechnik 2/synthi_project/source/codec_controller.vhd Line: 27
Info (12127): Elaborating entity "midi_controller" for the top level hierarchy
Warning (10631): VHDL Process Statement warning at midi_controller.vhd(72): inferring latch(es) for signal or variable "new_data_flag", which holds its previous value in one or more paths through the process File: C:/Users/Stefan/Documents/Digitaltechnik 2/synthi_project/source/midi/midi_controller.vhd Line: 72
Warning (10631): VHDL Process Statement warning at midi_controller.vhd(72): inferring latch(es) for signal or variable "status_reg", which holds its previous value in one or more paths through the process File: C:/Users/Stefan/Documents/Digitaltechnik 2/synthi_project/source/midi/midi_controller.vhd Line: 72
Warning (10631): VHDL Process Statement warning at midi_controller.vhd(72): inferring latch(es) for signal or variable "data1_reg", which holds its previous value in one or more paths through the process File: C:/Users/Stefan/Documents/Digitaltechnik 2/synthi_project/source/midi/midi_controller.vhd Line: 72
Warning (10631): VHDL Process Statement warning at midi_controller.vhd(72): inferring latch(es) for signal or variable "data2_reg", which holds its previous value in one or more paths through the process File: C:/Users/Stefan/Documents/Digitaltechnik 2/synthi_project/source/midi/midi_controller.vhd Line: 72
Warning (10631): VHDL Process Statement warning at midi_controller.vhd(97): inferring latch(es) for signal or variable "new_data_flag", which holds its previous value in one or more paths through the process File: C:/Users/Stefan/Documents/Digitaltechnik 2/synthi_project/source/midi/midi_controller.vhd Line: 97
Warning (10620): VHDL warning at midi_controller.vhd(207): comparison between unequal length operands always returns FALSE File: C:/Users/Stefan/Documents/Digitaltechnik 2/synthi_project/source/midi/midi_controller.vhd Line: 207
Warning (10620): VHDL warning at midi_controller.vhd(209): comparison between unequal length operands always returns FALSE File: C:/Users/Stefan/Documents/Digitaltechnik 2/synthi_project/source/midi/midi_controller.vhd Line: 209
Warning (10620): VHDL warning at midi_controller.vhd(230): comparison between unequal length operands always returns FALSE File: C:/Users/Stefan/Documents/Digitaltechnik 2/synthi_project/source/midi/midi_controller.vhd Line: 230
Warning (10631): VHDL Process Statement warning at midi_controller.vhd(190): inferring latch(es) for signal or variable "note_available", which holds its previous value in one or more paths through the process File: C:/Users/Stefan/Documents/Digitaltechnik 2/synthi_project/source/midi/midi_controller.vhd Line: 190
Info: Quartus Prime Analysis & Elaboration was successful. 0 errors, 10 warnings
    Info: Peak virtual memory: 4791 megabytes
    Info: Processing ended: Sat May 09 15:58:08 2020
    Info: Elapsed time: 00:00:09
    Info: Total CPU time (on all processors): 00:00:18


